<?xml version="1.0" encoding="UTF-8"?>
<testsuite name="de.tomgrill.gdxtesting.examples.TestPlayers" tests="6" skipped="0" failures="0" errors="0" timestamp="2018-04-23T22:50:48" hostname="DESKTOP-H1FPINQ" time="0.013">
  <properties/>
  <testcase name="testOnChest" classname="de.tomgrill.gdxtesting.examples.TestPlayers" time="0.005"/>
  <testcase name="playersInCorrectPositions" classname="de.tomgrill.gdxtesting.examples.TestPlayers" time="0.001"/>
  <testcase name="testCanRoll" classname="de.tomgrill.gdxtesting.examples.TestPlayers" time="0.001"/>
  <testcase name="testMoveBack" classname="de.tomgrill.gdxtesting.examples.TestPlayers" time="0.002"/>
  <testcase name="testItemObtain" classname="de.tomgrill.gdxtesting.examples.TestPlayers" time="0.002"/>
  <testcase name="testOnTrap" classname="de.tomgrill.gdxtesting.examples.TestPlayers" time="0.002"/>
  <system-out><![CDATA[Maze initialized to a 4 player game.
The weather's nice, it's sunny.
Player 1 will start.
##########
#3OOOOOO4#
#OOOOOOOO#
#OOOOOOOO#
#OOOOOOOO#
#OOOO#DD##
#OOVOOOOO#
#TOOOOOOO#
#1CEOOOO2#
##########

Player 1 just rolled a 4.
Player 1 just moved successfully. They have 3 moves left.
##########
#3OOOOOO4#
#OOOOOOOO#
#OOOOOOOO#
#OOOOOOOO#
#OOOO#DD##
#OOVOOOOO#
#TOOOOOOO#
#O1EOOOO2#
##########

Maze initialized to a 4 player game.
The weather's nice, it's sunny.
Player 1 will start.
##########
#3OOOOOO4#
#OOOOOOOO#
#OOOOOOOO#
#OOOOOOOO#
#OOOO#DD##
#OOVOOOOO#
#TOOOOOOO#
#1CEOOOO2#
##########

Maze initialized to a 4 player game.
The weather's nice, it's sunny.
Player 1 will start.
##########
#3OOOOOO4#
#OOOOOOOO#
#OOOOOOOO#
#OOOOOOOO#
#OOOO#DD##
#OOVOOOOO#
#TOOOOOOO#
#1CEOOOO2#
##########

Player 1 just rolled a 9.
Maze initialized to a 4 player game.
The weather's nice, it's sunny.
Player 1 will start.
##########
#3OOOOOO4#
#OOOOOOOO#
#OOOOOOOO#
#OOOOOOOO#
#OOOO#DD##
#OOVOOOOO#
#TOOOOOOO#
#1CEOOOO2#
##########

Player 1 just rolled a 8.
Player 1 just moved successfully. They have 7 moves left.
##########
#3OOOOOO4#
#OOOOOOOO#
#OOOOOOOO#
#OOOOOOOO#
#OOOO#DD##
#OOVOOOOO#
#TOOOOOOO#
#O1EOOOO2#
##########

Player 1 just moved successfully. They have 6 moves left.
##########
#3OOOOOO4#
#OOOOOOOO#
#OOOOOOOO#
#OOOOOOOO#
#OOOO#DD##
#OOVOOOOO#
#T1OOOOOO#
#OcEOOOO2#
##########

Maze initialized to a 4 player game.
Hope you dressed warm, the snows coming down hard!
Player 1 will start.
##########
#3OOOOOO4#
#OOOOOOOO#
#OOOOOOOO#
#OOOOOOOO#
#OOOO#DD##
#OOVOOOOO#
#TOOOOOOO#
#1CEOOOO2#
##########

Player 1 just rolled a 8.
Player 1 just moved successfully. They have 7 moves left.
##########
#3OOOOOO4#
#OOOOOOOO#
#OOOOOOOO#
#OOOOOOOO#
#OOOO#DD##
#OOVOOOOO#
#TOOOOOOO#
#O1EOOOO2#
##########

Maze initialized to a 4 player game.
Hope you dressed warm, the snows coming down hard!
Player 1 will start.
##########
#3OOOOOO4#
#OOOOOOOO#
#OOOOOOOO#
#OOOOOOOO#
#OOOO#DD##
#OOVOOOOO#
#TOOOOOOO#
#1CEOOOO2#
##########

Player 1 just rolled a 7.
Player 1 just moved successfully. They have 6 moves left.
##########
#3OOOOOO4#
#OOOOOOOO#
#OOOOOOOO#
#OOOOOOOO#
#OOOO#DD##
#OOVOOOOO#
#1OOOOOOO#
#OCEOOOO2#
##########

]]></system-out>
  <system-err><![CDATA[]]></system-err>
</testsuite>
