<?xml version="1.0" encoding="UTF-8"?>
<testsuite name="de.tomgrill.gdxtesting.examples.AssetExistsExampleTest" tests="2" skipped="0" failures="0" errors="0" timestamp="2018-04-24T12:56:09" hostname="DESKTOP-H1FPINQ" time="0.015">
  <properties/>
  <testcase name="skinExists" classname="de.tomgrill.gdxtesting.examples.AssetExistsExampleTest" time="0.003"/>
  <testcase name="handimageavailable" classname="de.tomgrill.gdxtesting.examples.AssetExistsExampleTest" time="0.0"/>
  <system-out><![CDATA[]]></system-out>
  <system-err><![CDATA[]]></system-err>
</testsuite>
