<?xml version="1.0" encoding="UTF-8"?>
<testsuite name="de.tomgrill.gdxtesting.examples.AssetExistsExampleTest" tests="1" skipped="0" failures="0" errors="0" timestamp="2018-04-23T23:33:32" hostname="DESKTOP-H1FPINQ" time="0.008">
  <properties/>
  <testcase name="handimageavailable" classname="de.tomgrill.gdxtesting.examples.AssetExistsExampleTest" time="0.008"/>
  <system-out><![CDATA[]]></system-out>
  <system-err><![CDATA[]]></system-err>
</testsuite>
