<?xml version="1.0" encoding="UTF-8"?>
<testsuite name="de.tomgrill.gdxtesting.examples.TestPlayerModel" tests="6" skipped="0" failures="0" errors="0" timestamp="2018-04-23T22:55:24" hostname="DESKTOP-H1FPINQ" time="0.008">
  <properties/>
  <testcase name="testOnChest" classname="de.tomgrill.gdxtesting.examples.TestPlayerModel" time="0.003"/>
  <testcase name="playersInCorrectPositions" classname="de.tomgrill.gdxtesting.examples.TestPlayerModel" time="0.0"/>
  <testcase name="testCanRoll" classname="de.tomgrill.gdxtesting.examples.TestPlayerModel" time="0.001"/>
  <testcase name="testMoveBack" classname="de.tomgrill.gdxtesting.examples.TestPlayerModel" time="0.001"/>
  <testcase name="testItemObtain" classname="de.tomgrill.gdxtesting.examples.TestPlayerModel" time="0.001"/>
  <testcase name="testOnTrap" classname="de.tomgrill.gdxtesting.examples.TestPlayerModel" time="0.001"/>
  <system-out><![CDATA[Maze initialized to a 4 player game.
The weather's nice, it's sunny.
Player 1 will start.
##########
#3OOOOOO4#
#OOOOOOOO#
#OOOOOOOO#
#OOOOOOOO#
#OOOO#DD##
#OOVOOOOO#
#TOOOOOOO#
#1CEOOOO2#
##########

Player 1 just rolled a 6.
Player 1 just moved successfully. They have 5 moves left.
##########
#3OOOOOO4#
#OOOOOOOO#
#OOOOOOOO#
#OOOOOOOO#
#OOOO#DD##
#OOVOOOOO#
#TOOOOOOO#
#O1EOOOO2#
##########

Maze initialized to a 4 player game.
Hope you dressed warm, the snows coming down hard!
Player 1 will start.
##########
#3OOOOOO4#
#OOOOOOOO#
#OOOOOOOO#
#OOOOOOOO#
#OOOO#DD##
#OOVOOOOO#
#TOOOOOOO#
#1CEOOOO2#
##########

Maze initialized to a 4 player game.
The weather's nice, it's sunny.
Player 1 will start.
##########
#3OOOOOO4#
#OOOOOOOO#
#OOOOOOOO#
#OOOOOOOO#
#OOOO#DD##
#OOVOOOOO#
#TOOOOOOO#
#1CEOOOO2#
##########

Player 1 just rolled a 6.
Maze initialized to a 4 player game.
The weather's nice, it's sunny.
Player 1 will start.
##########
#3OOOOOO4#
#OOOOOOOO#
#OOOOOOOO#
#OOOOOOOO#
#OOOO#DD##
#OOVOOOOO#
#TOOOOOOO#
#1CEOOOO2#
##########

Player 1 just rolled a 9.
Player 1 just moved successfully. They have 8 moves left.
##########
#3OOOOOO4#
#OOOOOOOO#
#OOOOOOOO#
#OOOOOOOO#
#OOOO#DD##
#OOVOOOOO#
#TOOOOOOO#
#O1EOOOO2#
##########

Player 1 just moved successfully. They have 7 moves left.
##########
#3OOOOOO4#
#OOOOOOOO#
#OOOOOOOO#
#OOOOOOOO#
#OOOO#DD##
#OOVOOOOO#
#T1OOOOOO#
#OcEOOOO2#
##########

Maze initialized to a 4 player game.
Hope you dressed warm, the snows coming down hard!
Player 1 will start.
##########
#3OOOOOO4#
#OOOOOOOO#
#OOOOOOOO#
#OOOOOOOO#
#OOOO#DD##
#OOVOOOOO#
#TOOOOOOO#
#1CEOOOO2#
##########

Player 1 just picked up a Torch
Maze initialized to a 4 player game.
Careful! It's raining, the ground will be slippery.
Player 1 will start.
##########
#3OOOOOO4#
#OOOOOOOO#
#OOOOOOOO#
#OOOOOOOO#
#OOOO#DD##
#OOVOOOOO#
#TOOOOOOO#
#1CEOOOO2#
##########

Player 1 just rolled a 9.
Player 1 just moved successfully. They have 8 moves left.
##########
#3OOOOOO4#
#OOOOOOOO#
#OOOOOOOO#
#OOOOOOOO#
#OOOO#DD##
#OOVOOOOO#
#1OOOOOOO#
#OCEOOOO2#
##########

]]></system-out>
  <system-err><![CDATA[]]></system-err>
</testsuite>
